Starting at /data/ling_shared/garciag/SkeletonV1/Supercomputer
node file /var/spool/pbs/aux/1122602.batch
2 mode try
Making Circles
Making Circles
Making Circles
Making Circles
Making Circles
Making Circles
Making Circles
Making Circles
Making Circles
Making Circles
Making Circles
Making Circles
Making Circles
Making Circles
Making Circles
Making Circles
Making Circles
Making Circles
Making Circles
Making Circles
Making Circles
Making Circles
Making Circles
Making Circles
Making Circles
Making Circles
Making Circles

Job finished at Thu Dec 22 09:37:07 CST 2022
