Starting at /data/ling_shared/garciag/SkeletonV1/Supercomputer
node file /var/spool/pbs/aux/1068990.batch
processes 128
We have 28 CPU's Available
dim: 3
Initiating k-d,Tree
k-d tree took 1.0 minuites and 12.4225492477417 seconds to make
thresh [0.0006016050408269897]
process12 started
Skeleton took 75.0 minuites and 46.525901794433594 seconds
process0 started
Skeleton took 81.0 minuites and 42.26912784576416 seconds
process5 started
Skeleton took 79.0 minuites and 16.01317000389099 seconds
process13 started
Skeleton took 78.0 minuites and 16.844893217086792 seconds
process4 started
Skeleton took 82.0 minuites and 1.4237642288208008 seconds
process24 started
Skeleton took 77.0 minuites and 41.108678102493286 seconds
process27 started
Skeleton took 76.0 minuites and 18.19378972053528 seconds
process29 started
Skeleton took 77.0 minuites and 36.62962365150452 seconds
process28 started
Skeleton took 80.0 minuites and 43.10118365287781 seconds
process31 started
Skeleton took 79.0 minuites and 34.5257089138031 seconds
process11 started
Skeleton took 86.0 minuites and 16.091723918914795 seconds
process25 started
Skeleton took 86.0 minuites and 33.815648317337036 seconds
process6 started
Skeleton took 88.0 minuites and 35.334781646728516 seconds
process14 started
Skeleton took 90.0 minuites and 20.551541328430176 seconds
process30 started
Skeleton took 89.0 minuites and 8.56721568107605 seconds
process26 started
Skeleton took 90.0 minuites and 36.49494481086731 seconds
process15 started
Skeleton took 90.0 minuites and 27.08717393875122 seconds
process20 started
Skeleton took 96.0 minuites and 45.54212832450867 seconds
process41 started
Skeleton took 94.0 minuites and 17.89140224456787 seconds
process18 started
Skeleton took 101.0 minuites and 23.671446323394775 seconds
process19 started
Skeleton took 99.0 minuites and 15.035610675811768 seconds
process1 started
Skeleton took 108.0 minuites and 56.40357422828674 seconds
process10 started
Skeleton took 109.0 minuites and 26.58090615272522 seconds
process40 started
Skeleton took 103.0 minuites and 3.752822160720825 seconds
process39 started
Skeleton took 101.0 minuites and 30.742050409317017 seconds
process36 started
Skeleton took 109.0 minuites and 14.739193439483643 seconds
process65 started

boterror
[-0.985556, 0.0126845, -0.168872] [0.0, 0.0, 0.0]


boterror
[-0.985556, 0.0126845, -0.168872] [0.0, 0.0, 0.0]


boterror
[-0.985267, -0.00991354, -0.170738] [0.0, 0.0, 0.0]


boterror
[-0.982958, -0.0559142, -0.175121] [0.0, 0.0, 0.0]

Skeleton took 97.0 minuites and 1.635132074356079 seconds
process50 started
Skeleton took 110.0 minuites and 31.327547311782837 seconds
process49 started
Skeleton took 107.0 minuites and 7.7134904861450195 seconds
process35 started
Skeleton took 116.0 minuites and 49.85051727294922 seconds
process55 started
Skeleton took 110.0 minuites and 40.87696075439453 seconds
process17 started
Skeleton took 118.0 minuites and 55.61495518684387 seconds
process89 started
Skeleton took 104.0 minuites and 53.2643096446991 seconds
process38 started
Skeleton took 114.0 minuites and 37.58936810493469 seconds
process94 started
Skeleton took 103.0 minuites and 48.11370587348938 seconds
process60 started
Skeleton took 109.0 minuites and 40.832571268081665 seconds
process59 started
Skeleton took 111.0 minuites and 39.41024947166443 seconds
process47 started
Skeleton took 116.0 minuites and 59.89813947677612 seconds
process32 started
Skeleton took 119.0 minuites and 45.15654277801514 seconds
process95 started
Skeleton took 106.0 minuites and 51.26040577888489 seconds
process102 started
Skeleton took 103.0 minuites and 15.115418434143066 seconds
process58 started
Skeleton took 114.0 minuites and 20.414570569992065 seconds
process103 started
Skeleton took 106.0 minuites and 11.561991214752197 seconds
process48 started
Skeleton took 118.0 minuites and 22.432526350021362 seconds
process61 started
Skeleton took 117.0 minuites and 44.4633264541626 seconds
process88 started
Skeleton took 111.0 minuites and 30.4170880317688 seconds
process52 started
Skeleton took 121.0 minuites and 11.231979131698608 seconds
process56 started
Skeleton took 120.0 minuites and 18.907283067703247 seconds
process118 started
Skeleton took 103.0 minuites and 39.45196461677551 seconds
process54 started
Skeleton took 122.0 minuites and 2.1510860919952393 seconds
process9 started
Skeleton took 133.0 minuites and 10.581944942474365 seconds
process62 started
Skeleton took 121.0 minuites and 7.947869062423706 seconds
process53 started
Skeleton took 122.0 minuites and 41.78855848312378 seconds
process57 started
Skeleton took 121.0 minuites and 58.67434573173523 seconds
process97 started
Skeleton took 111.0 minuites and 45.66776251792908 seconds
process108 started
Skeleton took 109.0 minuites and 31.92308235168457 seconds
process63 started
Skeleton took 122.0 minuites and 17.234342575073242 seconds
process90 started
Skeleton took 113.0 minuites and 45.367525577545166 seconds
process101 started
Skeleton took 114.0 minuites and 19.44397473335266 seconds
process117 started
Skeleton took 107.0 minuites and 46.509665966033936 seconds
process67 started
Skeleton took 123.0 minuites and 5.1679956912994385 seconds
process42 started
Skeleton took 130.0 minuites and 20.100631713867188 seconds
process109 started
Skeleton took 112.0 minuites and 49.07704162597656 seconds
process115 started
Skeleton took 110.0 minuites and 18.022504568099976 seconds
process71 started
Skeleton took 123.0 minuites and 24.987258434295654 seconds
process68 started

boterror
[0.980921, 0.0473299, 0.188556] [0.0, 0.0, 0.0]


boterror
[0.98024, 0.0584813, 0.18897] [0.0, 0.0, 0.0]


boterror
[-0.985283, -0.170874, -0.0043656] [0.0, 0.0, 0.0]


boterror
[-0.985283, -0.170874, -0.0043656] [0.0, 0.0, 0.0]


boterror
[-0.985011, -0.171737, -0.0161218] [0.0, 0.0, 0.0]


boterror
[-0.970685, -0.235989, -0.0456007] [0.0, 0.0, 0.0]


boterror
[-0.9697, -0.237586, -0.0568799] [0.0, 0.0, 0.0]


boterror
[0.97094, 0.230503, 0.0643785] [0.0, 0.0, 0.0]


boterror
[0.970093, 0.23083, 0.0750772] [0.0, 0.0, 0.0]


boterror
[0.970093, 0.23083, 0.0750772] [0.0, 0.0, 0.0]


boterror
[-0.968114, -0.206492, -0.14183] [0.0, 0.0, 0.0]


boterror
[0.969138, 0.231041, 0.0859749] [0.0, 0.0, 0.0]


boterror
[0.967421, 0.241671, 0.0754458] [0.0, 0.0, 0.0]

Skeleton took 124.0 minuites and 24.025286436080933 seconds
process51 started
Skeleton took 128.0 minuites and 54.562028646469116 seconds
process100 started
Skeleton took 116.0 minuites and 50.66655158996582 seconds
process96 started
Skeleton took 116.0 minuites and 54.5564820766449 seconds
process113 started
Skeleton took 116.0 minuites and 27.441330671310425 seconds
process114 started
Skeleton took 116.0 minuites and 21.303751945495605 seconds
process98 started
Skeleton took 120.0 minuites and 1.117537260055542 seconds
process70 started
Skeleton took 128.0 minuites and 33.90728759765625 seconds
process64 started
Skeleton took 126.0 minuites and 24.82665205001831 seconds
process92 started
Skeleton took 122.0 minuites and 38.175517559051514 seconds
process119 started
Skeleton took 114.0 minuites and 8.038947105407715 seconds
process78 started
Skeleton took 127.0 minuites and 5.680943489074707 seconds
process33 started
Skeleton took 138.0 minuites and 56.82865905761719 seconds
process104 started
Skeleton took 120.0 minuites and 45.38558101654053 seconds
process21 started
Skeleton took 142.0 minuites and 11.095308542251587 seconds
process99 started
Skeleton took 122.0 minuites and 53.01116871833801 seconds
process74 started
Skeleton took 130.0 minuites and 53.68176484107971 seconds
process91 started
Skeleton took 125.0 minuites and 42.20755314826965 seconds
process69 started

boterror
[0.981805, 0.175346, 0.0728942] [0.0, 0.0, 0.0]


boterror
[0.980812, 0.175991, 0.0838725] [0.0, 0.0, 0.0]

Skeleton took 132.0 minuites and 18.849406480789185 seconds
process107 started
Skeleton took 121.0 minuites and 42.22209715843201 seconds
process111 started
Skeleton took 121.0 minuites and 21.679906845092773 seconds
process3 started
Skeleton took 148.0 minuites and 45.771283864974976 seconds
process112 started
Skeleton took 121.0 minuites and 5.274801731109619 seconds
process2 started
Skeleton took 150.0 minuites and 34.54572653770447 seconds
process93 started
Skeleton took 126.0 minuites and 43.227848291397095 seconds
process37 started
Skeleton took 141.0 minuites and 13.837379932403564 seconds
process66 started

boterror
[0.982244, 0.101797, 0.157589] [0.0, 0.0, 0.0]


boterror
[0.990904, 0.108385, 0.0797611] [0.0, 0.0, 0.0]


boterror
[0.981414, 0.134371, 0.137004] [0.0, 0.0, 0.0]


boterror
[-0.971154, -0.0380205, -0.235401] [0.0, 0.0, 0.0]


boterror
[-0.970398, -0.0499707, -0.236287] [0.0, 0.0, 0.0]

Skeleton took 135.0 minuites and 2.4703047275543213 seconds
process110 started
Skeleton took 124.0 minuites and 5.7565248012542725 seconds
process106 started
Skeleton took 127.0 minuites and 3.371643304824829 seconds
process79 started
Skeleton took 132.0 minuites and 42.693893909454346 seconds
process80 started
Skeleton took 134.0 minuites and 32.2285270690918 seconds
process116 started
Skeleton took 125.0 minuites and 31.717132568359375 seconds
process82 started
Skeleton took 136.0 minuites and 15.471772909164429 seconds
process77 started
Skeleton took 135.0 minuites and 42.983288049697876 seconds
process73 started
Skeleton took 139.0 minuites and 6.409948348999023 seconds
process85 started
Skeleton took 135.0 minuites and 46.734530448913574 seconds
process105 started
Skeleton took 130.0 minuites and 42.339735984802246 seconds
process43 started
Skeleton took 147.0 minuites and 25.54471468925476 seconds
process72 started
Skeleton took 142.0 minuites and 34.57237482070923 seconds
process83 started
Skeleton took 139.0 minuites and 37.56524157524109 seconds
process76 started
Skeleton took 142.0 minuites and 14.403839826583862 seconds
process16 started
Skeleton took 158.0 minuites and 7.860647439956665 seconds
process87 started
Skeleton took 138.0 minuites and 46.644052505493164 seconds
process75 started
Skeleton took 144.0 minuites and 29.249997854232788 seconds
process84 started
Skeleton took 147.0 minuites and 21.842628955841064 seconds
process81 started
Skeleton took 144.0 minuites and 36.35722494125366 seconds
process8 started
Skeleton took 161.0 minuites and 41.44009208679199 seconds
process22 started
Skeleton took 159.0 minuites and 38.4812171459198 seconds
process7 started
Skeleton took 168.0 minuites and 57.7115273475647 seconds
process86 started
Skeleton took 146.0 minuites and 51.69945478439331 seconds
process23 started
Skeleton took 172.0 minuites and 26.86025643348694 seconds
process34 started
Skeleton took 174.0 minuites and 3.60660457611084 seconds
process44 started
Skeleton took 177.0 minuites and 53.04088497161865 seconds
process46 started
Skeleton took 178.0 minuites and 52.79641318321228 seconds
process45 started
Skeleton took 179.0 minuites and 18.180176973342896 seconds
booting processes...
done
Total Solve took: 201.0 Minuites 12.849969148635864 Seconds
Saving ... Please Wait
Save Complete! Took 0.0 Minuites and 0.004544973373413086 Seconds
Total time to Complete: 201.0 Minuites 37.20431447029114 Seconds
Skeleton finished at Fri Oct  7 11:52:14 CDT 2022
Plot finished at Fri Oct  7 11:52:16 CDT 2022
Animation finished at Fri Oct  7 11:52:20 CDT 2022

Job finished at Fri Oct  7 11:52:20 CDT 2022
